<?xml version="1.0" encoding="UTF-8"?>
<!-- Generated by org.testng.reporters.JUnitXMLReporter -->
<testsuite hostname="DESKTOP-T22QK0I" ignored="0" name="Test_Firefox" tests="1" failures="1" timestamp="2020-09-23T10:17:19 IST" time="16.622" errors="0">
  <testcase name="MusicVideoSearch" time="0.003" classname="com.youtube.testCases.MusicVideo">
    <failure type="java.lang.NullPointerException">
      <![CDATA[java.lang.NullPointerException
at java.util.Objects.requireNonNull(Unknown Source)
at org.openqa.selenium.support.ui.FluentWait.<init>(FluentWait.java:106)
at org.openqa.selenium.support.ui.WebDriverWait.<init>(WebDriverWait.java:85)
at org.openqa.selenium.support.ui.WebDriverWait.<init>(WebDriverWait.java:45)
at com.youtube.pageObjects.HomePage.search(HomePage.java:28)
at com.youtube.testCases.MusicVideo.MusicVideoSearch(MusicVideo.java:18)
at java.util.ArrayList.forEach(Unknown Source)
... Removed 27 stack frames]]>
    </failure>
  </testcase> <!-- MusicVideoSearch -->
</testsuite> <!-- Test_Firefox -->
