<?xml version="1.0" encoding="UTF-8"?>
<!-- Generated by org.testng.reporters.JUnitXMLReporter -->
<testsuite hostname="DESKTOP-T22QK0I" ignored="0" name="Test_Chrome" tests="2" failures="2" timestamp="2020-09-23T18:40:29 IST" time="22.169" errors="0">
  <testcase name="MusicVideoSearch" time="0.452" classname="com.youtube.testCases.MusicVideo">
    <failure type="java.lang.NullPointerException">
      <![CDATA[java.lang.NullPointerException
at java.util.Objects.requireNonNull(Objects.java:203)
at org.openqa.selenium.support.ui.FluentWait.<init>(FluentWait.java:106)
at org.openqa.selenium.support.ui.WebDriverWait.<init>(WebDriverWait.java:85)
at org.openqa.selenium.support.ui.WebDriverWait.<init>(WebDriverWait.java:45)
at com.youtube.pageObjects.HomePage.search(HomePage.java:28)
at com.youtube.testCases.MusicVideo.MusicVideoSearch(MusicVideo.java:18)
at java.util.ArrayList.forEach(ArrayList.java:1259)
... Removed 30 stack frames]]>
    </failure>
  </testcase> <!-- MusicVideoSearch -->
  <testcase name="MusicVideoSearch" time="0.839" classname="com.youtube.testCases.MusicVideo">
    <failure type="java.lang.NullPointerException">
      <![CDATA[java.lang.NullPointerException
at com.youtube.utilities.Screenshot.take_snip(Screenshot.java:17)
at com.youtube.utilities.Reporting.onTestFailure(Reporting.java:61)
at java.util.ArrayList.forEach(ArrayList.java:1259)
... Removed 27 stack frames]]>
    </failure>
  </testcase> <!-- MusicVideoSearch -->
</testsuite> <!-- Test_Chrome -->
